<?xml version="1.0" encoding="UTF-8"?>
<!-- Generated by org.testng.reporters.JUnitReportReporter -->
<testsuite hostname="Ivan" failures="0" tests="1" name="com.makemytrip.flightsbooking.HomePageTest" time="6.487" errors="0" timestamp="2024-05-21T18:11:32 IST" skipped="0">
  <testcase classname="com.makemytrip.flightsbooking.HomePageTest" name="testCaseOne" time="6.487"/>
</testsuite> <!-- com.makemytrip.flightsbooking.HomePageTest -->
