<?xml version="1.0" encoding="UTF-8"?>
<!-- Generated by org.testng.reporters.JUnitReportReporter -->
<testsuite hostname="Ivan" failures="0" tests="1" name="com.makemytrip.flightsbooking.HomePageTest" time="19.687" errors="0" timestamp="2024-05-06T20:05:59 IST" skipped="0">
  <testcase classname="com.makemytrip.flightsbooking.HomePageTest" name="testCaseOne" time="19.687"/>
</testsuite> <!-- com.makemytrip.flightsbooking.HomePageTest -->
