<?xml version="1.0" encoding="UTF-8"?>
<!-- Generated by org.testng.reporters.JUnitReportReporter -->
<testsuite hostname="Ivan" failures="0" tests="2" name="com.makemytrip.flightsbooking.HomePageTest" time="22.596" errors="0" timestamp="2024-06-10T21:11:37 IST" skipped="1">
  <testcase classname="com.makemytrip.flightsbooking.HomePageTest" name="clickGooglePlayStore" time="22.596"/>
  <testcase classname="com.makemytrip.flightsbooking.HomePageTest" name="testCaseOne">
    <skipped/>
  </testcase> <!-- testCaseOne -->
</testsuite> <!-- com.makemytrip.flightsbooking.HomePageTest -->
